<?xml version="1.0" encoding="UTF-8"?>
<!-- Generated by org.testng.reporters.JUnitXMLReporter -->
<testsuite ignored="0" hostname="LAPTOP-VO9NQ3U8" failures="1" tests="1" name="FacebookLogin" time="0.053" errors="0" timestamp="2023-08-08T14:27:09 IST">
  <testcase classname="com.sadik.Tests.FacebookTest" name="@BeforeTest IntialiseBrowser" time="-1.691485029163E9">
    <failure type="org.testng.TestNGException" message="
Can inject only one of &amp;lt;ITestContext, XmlTest&amp;gt; into a @BeforeTest annotated IntialiseBrowser.
For more information on native dependency injection please refer to https://testng.org/doc/documentation-main.html#native-dependency-injection">
      <![CDATA[org.testng.TestNGException: 
Can inject only one of <ITestContext, XmlTest> into a @BeforeTest annotated IntialiseBrowser.
For more information on native dependency injection please refer to https://testng.org/doc/documentation-main.html#native-dependency-injection
... Removed 21 stack frames]]>
    </failure>
  </testcase> <!-- @BeforeTest IntialiseBrowser -->
  <testcase classname="com.sadik.Tests.FacebookTest" name="EnterLoginDetails" time="0.0">
    <failure type="org.testng.TestNGException" message="
Parameter &amp;apos;chrome&amp;apos; is required by @Test on method EnterLoginDetails but has not been marked @Optional or defined
in C:\Users\ssadi\eclipse-workspace\PracticeTestNG\src\test\resources\com\sadik\Tests\AnnotationsTest.xml">
      <![CDATA[org.testng.TestNGException: 
Parameter 'chrome' is required by @Test on method EnterLoginDetails but has not been marked @Optional or defined
in C:\Users\ssadi\eclipse-workspace\PracticeTestNG\src\test\resources\com\sadik\Tests\AnnotationsTest.xml
at java.base/java.util.ArrayList.forEach(ArrayList.java:1511)
... Removed 26 stack frames]]>
    </failure>
  </testcase> <!-- EnterLoginDetails -->
</testsuite> <!-- FacebookLogin -->
