<?xml version="1.0" encoding="UTF-8"?>
<!-- Generated by org.testng.reporters.JUnitReportReporter -->
<testsuite hostname="LAPTOP-VO9NQ3U8" failures="0" tests="2" name="com.sadik.Tests.FacebookTest" time="-1691562880.000" errors="1" timestamp="2023-08-09T12:06:39 IST" skipped="1">
  <testcase classname="com.sadik.Tests.FacebookTest" name="IntialiseBrowser" time="-1691562880.000">
    <error message="
Parameter &#039;chrome&#039; is required by BeforeTest on method IntialiseBrowser but has not been marked @Optional or defined
in C:\Users\ssadi\AppData\Local\Temp\testng-eclipse--1716103259\testng-customsuite.xml" type="org.testng.TestNGException">
      <![CDATA[org.testng.TestNGException: 
Parameter 'chrome' is required by BeforeTest on method IntialiseBrowser but has not been marked @Optional or defined
in C:\Users\ssadi\AppData\Local\Temp\testng-eclipse--1716103259\testng-customsuite.xml
at org.testng.internal.Parameters.createParams(Parameters.java:267)
at org.testng.internal.Parameters.createParametersForMethod(Parameters.java:355)
at org.testng.internal.Parameters.createParameters(Parameters.java:684)
at org.testng.internal.Parameters.createConfigurationParameters(Parameters.java:166)
at org.testng.internal.invokers.ConfigInvoker.invokeConfigurations(ConfigInvoker.java:306)
at org.testng.TestRunner.invokeTestConfigurations(TestRunner.java:663)
at org.testng.TestRunner.beforeRun(TestRunner.java:652)
at org.testng.TestRunner.run(TestRunner.java:614)
at org.testng.SuiteRunner.runTest(SuiteRunner.java:443)
at org.testng.SuiteRunner.runSequentially(SuiteRunner.java:437)
at org.testng.SuiteRunner.privateRun(SuiteRunner.java:397)
at org.testng.SuiteRunner.run(SuiteRunner.java:336)
at org.testng.SuiteRunnerWorker.runSuite(SuiteRunnerWorker.java:52)
at org.testng.SuiteRunnerWorker.run(SuiteRunnerWorker.java:95)
at org.testng.TestNG.runSuitesSequentially(TestNG.java:1280)
at org.testng.TestNG.runSuitesLocally(TestNG.java:1200)
at org.testng.TestNG.runSuites(TestNG.java:1114)
at org.testng.TestNG.run(TestNG.java:1082)
at org.testng.remote.AbstractRemoteTestNG.run(AbstractRemoteTestNG.java:115)
at org.testng.remote.RemoteTestNG.initAndRun(RemoteTestNG.java:251)
at org.testng.remote.RemoteTestNG.main(RemoteTestNG.java:77)
]]>
    </error>
  </testcase> <!-- IntialiseBrowser -->
  <testcase classname="com.sadik.Tests.FacebookTest" name="EnterLoginDetails" time="0.000">
    <skipped/>
  </testcase> <!-- EnterLoginDetails -->
</testsuite> <!-- com.sadik.Tests.FacebookTest -->
